<?xml version="1.0" encoding="UTF-8"?>
<!-- Generated by org.testng.reporters.JUnitXMLReporter -->
<testsuite ignored="0" hostname="LAPTOP" failures="0" tests="4" name="Default test" time="111.431" errors="0" timestamp="2023-08-12T21:44:24 IST">
  <testcase classname="OrangeHRM.TestClass3" name="Info1" time="6.45"/>
  <testcase classname="OrangeHRM.TestClass3" name="Info2" time="4.994"/>
  <testcase classname="OrangeHRM.TestClass3" name="Info3" time="5.01"/>
  <testcase classname="OrangeHRM.TestClass3" name="Info4" time="49.287"/>
</testsuite> <!-- Default test -->
